C51 COMPILER V9.60.0.0   WIFI                                                              12/29/2021 02:51:42 PAGE 1   


C51 COMPILER V9.60.0.0, COMPILATION OF MODULE WIFI
OBJECT MODULE PLACED IN .\Objects\wifi.obj
COMPILER INVOKED BY: C:\Data_Disk\keil5_C51+MDK\MDK\C51\BIN\C51.EXE wifi.c OPTIMIZE(8,SPEED) BROWSE DEBUG OBJECTEXTEND P
                    -RINT(.\Listings\wifi.lst) TABS(2) OBJECT(.\Objects\wifi.obj)

line level    source

   1          #include "wifi.h"   
   2          #include "DHT11.h"
   3          #include "RGB.h"
   4          #include "stdio.h"
   5          
   6          unsigned char dat_arr[7] = "abc";
   7          
   8          void main()
   9          {
  10   1          UartInit();
  11   1          Timer0Init();
  12   1          RGBInit();
  13   1          
  14   1          //产生pwm波
  15   1          //每20ms更新一次温湿度信息
  16   1          while(1);
  17   1      }
  18          
  19          void UartInit(void)   //9600bps@11.0592MHz
  20          {
  21   1      //  TMOD = 0x20;
  22   1      //  SCON = 0x50;
  23   1      //  TH1 = 0xFA;
  24   1      //  TL1 = TH1;
  25   1      //  PCON = 0x80;
  26   1      //  ES = 1;
  27   1      //  TR1 = 1;
  28   1      //  EA = 1;
  29   1        //测试用 12MHz  2400baud/s
  30   1          SCON |= 0X50;
  31   1          TMOD |= 0X20; //或等于意义很重要！
  32   1          PCON |= 0X80;
  33   1          TH1 = 0XF3;
  34   1          TL1 = 0XF3;
  35   1          TR1 = 1;
  36   1          ES = 1;
  37   1          EA = 1;
  38   1      }
  39          
  40          void Timer0Init(void)   //200微秒@11.0592MHz
  41          {                                     //定时器频率50Hz
  42   1        TMOD |= 0x01; //定时器0方式1
  43   1        TH0  = 0xFF;
  44   1        TL0  = 0x38;
  45   1        ET0  = 1;
  46   1        TR0  = 1;
  47   1        EA   = 1;
  48   1      }
  49          
  50          //串口中断接收RGB指令
  51          void uart() interrupt 4
  52          {
  53   1        unsigned char recev;
  54   1        static unsigned char flag = 0;
C51 COMPILER V9.60.0.0   WIFI                                                              12/29/2021 02:51:42 PAGE 2   

  55   1        
  56   1        if(RI)
  57   1        {
  58   2          recev = SBUF;
  59   2          RI = 0;
  60   2          //接收数据解析，提取有效数据
  61   2          if(recev == 0xff && flag == 0)
  62   2            flag = 1;
  63   2          else if(flag == 1)
  64   2          {
  65   3             pwm_l.r = recev;
  66   3             flag = 2;
  67   3          }
  68   2          else if(flag == 2)
  69   2          {
  70   3             pwm_l.g = recev;
  71   3             flag = 3;
  72   3          }
  73   2          else if(flag == 3)
  74   2          {
  75   3             pwm_l.b = recev;
  76   3             flag = 4;
  77   3          }
  78   2          else if(flag == 4)
  79   2          {
  80   3             pwm_r.r = recev;
  81   3             flag = 5;
  82   3          }
  83   2          else if(flag == 5)
  84   2          {
  85   3             pwm_r.g = recev;
  86   3             flag = 6;
  87   3          }
  88   2          else if(flag == 6)
  89   2          {
  90   3             pwm_r.b = recev;
  91   3             flag = 0;
  92   3          }
  93   2          else 
  94   2             flag = 0;
  95   2          
  96   2        }
  97   1        else 
  98   1          TI = 0;
  99   1      }
 100          
 101          void Send_Str(unsigned char* fun)
 102          {
 103   1          while((*fun)!='\0')
 104   1          {
 105   2              SBUF = *fun; //发送
 106   2              while(!TI);  //等待发送完毕
 107   2              TI=0;        //清空发送完毕中断请求标志位
 108   2              fun++;
 109   2          }
 110   1      }
 111          


MODULE INFORMATION:   STATIC OVERLAYABLE
   CODE SIZE        =    202    ----
   CONSTANT SIZE    =   ----    ----
C51 COMPILER V9.60.0.0   WIFI                                                              12/29/2021 02:51:42 PAGE 3   

   XDATA SIZE       =   ----    ----
   PDATA SIZE       =   ----    ----
   DATA SIZE        =      8    ----
   IDATA SIZE       =   ----    ----
   BIT SIZE         =   ----    ----
END OF MODULE INFORMATION.


C51 COMPILATION COMPLETE.  0 WARNING(S),  0 ERROR(S)
